<?xml version="1.0" encoding="UTF-8"?>
<!-- Generated by org.testng.reporters.JUnitXMLReporter -->
<testsuite ignored="2" hostname="DESKTOP-NABQ64O" failures="0" tests="13" name="car loan" time="0.278" errors="0" timestamp="28 Sep 2019 16:48:46 GMT">
  <testcase classname="testngDemo.day2" name="mobileLogout" time="0.041"/>
  <testcase classname="testngDemo.day2" name="mobilesinup" time="0.003"/>
  <testcase classname="testngDemo.day2" name="mobilesinup" time="0.007"/>
  <testcase classname="testngDemo.day2" name="mobilesinup" time="0.007"/>
  <testcase classname="testngDemo.day2" name="mobilesinup" time="0.009"/>
  <testcase classname="testngDemo.day2" name="mobilesinup" time="0.005"/>
  <testcase classname="testngDemo.day2" name="mobileLogin" time="0.003"/>
  <testcase classname="testngDemo.day2" name="mobileProfile" time="0.007"/>
  <testcase classname="testngDemo.day2" name="mobileChangePassword" time="0.003"/>
  <testcase classname="testngDemo.day2" name="mobileHomePage" time="0.003"/>
  <testcase classname="testngDemo.day2" name="mobileHistory" time="0.006"/>
  <testcase classname="testngDemo.day2" name="mobileAppointments" time="0.002"/>
  <testcase classname="testngDemo.day2" name="mobilePayements" time="0.008"/>
  <testcase classname="testngDemo.day2" name="apiLogion" time="0.0">
    <ignored/>
  </testcase> <!-- apiLogion -->
  <testcase classname="testngDemo.day2" name="webLogion" time="0.0">
    <ignored/>
  </testcase> <!-- webLogion -->
</testsuite> <!-- car loan -->
