<?xml version="1.0" encoding="UTF-8"?>
<!-- Generated by org.testng.reporters.JUnitXMLReporter -->
<testsuite ignored="9" hostname="DESKTOP-NABQ64O" failures="0" tests="3" name="Regression Testing" time="0.154" errors="0" timestamp="28 Sep 2019 11:00:45 GMT">
  <testcase classname="testngDemo.day2" name="mobileLogout" time="0.034"/>
  <testcase classname="testngDemo.day2" name="webLogion" time="0.002"/>
  <testcase classname="testngDemo.day1" name="demo" time="0.003"/>
  <testcase classname="testngDemo.day2" name="apiLogion" time="0.0">
    <ignored/>
  </testcase> <!-- apiLogion -->
  <testcase classname="testngDemo.day2" name="mobileLogin" time="0.0">
    <ignored/>
  </testcase> <!-- mobileLogin -->
  <testcase classname="testngDemo.day2" name="mobileHomePage" time="0.0">
    <ignored/>
  </testcase> <!-- mobileHomePage -->
  <testcase classname="testngDemo.day2" name="mobilePayements" time="0.0">
    <ignored/>
  </testcase> <!-- mobilePayements -->
  <testcase classname="testngDemo.day2" name="mobileAppointments" time="0.0">
    <ignored/>
  </testcase> <!-- mobileAppointments -->
  <testcase classname="testngDemo.day2" name="mobileHistory" time="0.0">
    <ignored/>
  </testcase> <!-- mobileHistory -->
  <testcase classname="testngDemo.day2" name="mobileChangePassword" time="0.0">
    <ignored/>
  </testcase> <!-- mobileChangePassword -->
  <testcase classname="testngDemo.day2" name="mobilesinup" time="0.0">
    <ignored/>
  </testcase> <!-- mobilesinup -->
  <testcase classname="testngDemo.day2" name="mobileProfile" time="0.0">
    <ignored/>
  </testcase> <!-- mobileProfile -->
</testsuite> <!-- Regression Testing -->
